0 info it worked if it ends with ok
1 verbose cli [ '/usr/local/bin/node', '/usr/local/bin/npm', 'start' ]
2 info using npm@3.9.6
3 info using node@v4.4.5
4 verbose run-script [ 'prestart', 'start', 'poststart' ]
5 info lifecycle mean-stack-registration-login-example@1.0.0~prestart: mean-stack-registration-login-example@1.0.0
6 silly lifecycle mean-stack-registration-login-example@1.0.0~prestart: no script for prestart, continuing
7 info lifecycle mean-stack-registration-login-example@1.0.0~start: mean-stack-registration-login-example@1.0.0
8 verbose lifecycle mean-stack-registration-login-example@1.0.0~start: unsafe-perm in lifecycle true
9 verbose lifecycle mean-stack-registration-login-example@1.0.0~start: PATH: /usr/local/lib/node_modules/npm/bin/node-gyp-bin:/Users/pranavnair97/Desktop/Code.Fun.Do/mean-stack-registration-login-example-master/node_modules/.bin:/usr/local/bin:/opt/local/bin:/opt/local/sbin:/opt/local/bin:/opt/local/sbin:/usr/local/autoconf/bin:/opt/local/bin:/opt/local/sbin:/usr/local/sbin:/usr/local/var/rbenv/shims:/Users/pranavnair97/pebble-dev/pebble-sdk-4.0-mac/bin:/usr/local/bin:/usr/bin:/bin:/usr/sbin:/sbin:/Users/pranavnair97/.rvm/bin
10 verbose lifecycle mean-stack-registration-login-example@1.0.0~start: CWD: /Users/pranavnair97/Desktop/Code.Fun.Do/mean-stack-registration-login-example-master
11 silly lifecycle mean-stack-registration-login-example@1.0.0~start: Args: [ '-c', 'node server.js' ]
12 silly lifecycle mean-stack-registration-login-example@1.0.0~start: Returned: code: 1  signal: null
13 info lifecycle mean-stack-registration-login-example@1.0.0~start: Failed to exec start script
14 verbose stack Error: mean-stack-registration-login-example@1.0.0 start: `node server.js`
14 verbose stack Exit status 1
14 verbose stack     at EventEmitter.<anonymous> (/usr/local/lib/node_modules/npm/lib/utils/lifecycle.js:245:16)
14 verbose stack     at emitTwo (events.js:87:13)
14 verbose stack     at EventEmitter.emit (events.js:172:7)
14 verbose stack     at ChildProcess.<anonymous> (/usr/local/lib/node_modules/npm/lib/utils/spawn.js:24:14)
14 verbose stack     at emitTwo (events.js:87:13)
14 verbose stack     at ChildProcess.emit (events.js:172:7)
14 verbose stack     at maybeClose (internal/child_process.js:827:16)
14 verbose stack     at Process.ChildProcess._handle.onexit (internal/child_process.js:211:5)
15 verbose pkgid mean-stack-registration-login-example@1.0.0
16 verbose cwd /Users/pranavnair97/Desktop/Code.Fun.Do/mean-stack-registration-login-example-master
17 error Darwin 16.1.0
18 error argv "/usr/local/bin/node" "/usr/local/bin/npm" "start"
19 error node v4.4.5
20 error npm  v3.9.6
21 error code ELIFECYCLE
22 error mean-stack-registration-login-example@1.0.0 start: `node server.js`
22 error Exit status 1
23 error Failed at the mean-stack-registration-login-example@1.0.0 start script 'node server.js'.
23 error Make sure you have the latest version of node.js and npm installed.
23 error If you do, this is most likely a problem with the mean-stack-registration-login-example package,
23 error not with npm itself.
23 error Tell the author that this fails on your system:
23 error     node server.js
23 error You can get information on how to open an issue for this project with:
23 error     npm bugs mean-stack-registration-login-example
23 error Or if that isn't available, you can get their info via:
23 error     npm owner ls mean-stack-registration-login-example
23 error There is likely additional logging output above.
24 verbose exit [ 1, true ]
